<?xml version="1.0" encoding="UTF-8"?>
<!-- Generated by org.testng.reporters.JUnitReportReporter -->
<testsuite skipped="0" hostname="EG5CG8352JD3" name="opencart.testcases.Homepagetest" tests="1" failures="0" timestamp="18 Oct 2020 19:21:30 GMT" time="10.198" errors="0">
  <testcase name="change_currency" time="10.198" classname="opencart.testcases.Homepagetest"/>
</testsuite> <!-- opencart.testcases.Homepagetest -->
