<?xml version="1.0" encoding="UTF-8"?>
<!-- Generated by org.testng.reporters.JUnitReportReporter -->
<testsuite skipped="1" hostname="EG5CG8352JD3" name="opencart.testcases.SortByName" tests="1" failures="0" timestamp="16 Dec 2020 09:49:56 GMT" time="0.000" errors="0">
  <testcase name="sort_By_Name" time="0.000" classname="opencart.testcases.SortByName">
    <skipped/>
  </testcase> <!-- sort_By_Name -->
</testsuite> <!-- opencart.testcases.SortByName -->
