<?xml version="1.0" encoding="UTF-8"?>
<!-- Generated by org.testng.reporters.JUnitReportReporter -->
<testsuite skipped="1" hostname="EG5CG8352JD3" name="opencart.testcases.CheckBreadCrumb" tests="1" failures="0" timestamp="14 Dec 2020 15:31:56 GMT" time="0.000" errors="0">
  <testcase name="left_Side_menu" time="0.000" classname="opencart.testcases.CheckBreadCrumb">
    <skipped/>
  </testcase> <!-- left_Side_menu -->
</testsuite> <!-- opencart.testcases.CheckBreadCrumb -->
