<?xml version="1.0" encoding="UTF-8"?>
<!-- Generated by org.testng.reporters.JUnitReportReporter -->
<testsuite skipped="0" hostname="EG5CG8352JD3" name="opencart.testcases.LoginTest" tests="2" failures="0" timestamp="22 Dec 2020 20:35:25 GMT" time="16.970" errors="0">
  <testcase name="inValid_Login" time="6.654" classname="opencart.testcases.LoginTest"/>
  <testcase name="valid_Login" time="10.316" classname="opencart.testcases.LoginTest"/>
</testsuite> <!-- opencart.testcases.LoginTest -->
