<?xml version="1.0" encoding="UTF-8"?>
<!-- Generated by org.testng.reporters.JUnitReportReporter -->
<testsuite skipped="0" hostname="EG5CG8352JD3" name="opencart.testcases.RegisterTest" tests="1" failures="0" timestamp="14 Dec 2020 17:42:04 GMT" time="6.583" errors="0">
  <testcase name="register_With_Erros" time="6.583" classname="opencart.testcases.RegisterTest"/>
</testsuite> <!-- opencart.testcases.RegisterTest -->
