<?xml version="1.0" encoding="UTF-8"?>
<!-- Generated by org.testng.reporters.JUnitReportReporter -->
<testsuite skipped="0" hostname="EG5CG8352JD3" name="opencart.testcases.SearchSubcategoryTest" tests="1" failures="0" timestamp="19 Dec 2020 21:31:24 GMT" time="10.668" errors="0">
  <testcase name="search_Subcategory" time="10.668" classname="opencart.testcases.SearchSubcategoryTest"/>
</testsuite> <!-- opencart.testcases.SearchSubcategoryTest -->
