<?xml version="1.0" encoding="UTF-8"?>
<!-- Generated by org.testng.reporters.JUnitReportReporter -->
<testsuite skipped="0" hostname="EG5CG8352JD3" name="opencart.testcases.SearchByName" tests="1" failures="0" timestamp="19 Dec 2020 21:31:24 GMT" time="12.524" errors="0">
  <testcase name="search_By_Name" time="12.524" classname="opencart.testcases.SearchByName"/>
</testsuite> <!-- opencart.testcases.SearchByName -->
