<?xml version="1.0" encoding="UTF-8"?>
<!-- Generated by org.testng.reporters.JUnitReportReporter -->
<testsuite skipped="0" hostname="EG5CG8352JD3" name="Selenium.OpenCart.OpenCart.com.OpenURL" tests="1" failures="0" timestamp="05 Sep 2020 13:25:23 GMT" time="23.040" errors="0">
  <testcase name="openurl" time="23.040" classname="Selenium.OpenCart.OpenCart.com.OpenURL"/>
</testsuite> <!-- Selenium.OpenCart.OpenCart.com.OpenURL -->
