<?xml version="1.0" encoding="UTF-8"?>
<!-- Generated by org.testng.reporters.JUnitReportReporter -->
<testsuite skipped="0" hostname="EG5CG8352JD3" name="TestPackage.TestClass1" tests="4" failures="0" timestamp="31 Jan 2019 18:16:14 GMT" time="13.723" errors="0">
  <testcase name="assertfirstresult" time="3.622" classname="TestPackage.TestClass1"/>
  <testcase name="AssertGoogleImage" time="2.603" classname="TestPackage.TestClass1"/>
  <testcase name="assertgooglepagetitle" time="3.632" classname="TestPackage.TestClass1"/>
  <testcase name="Assertdocumentandimagedisplayed" time="3.866" classname="TestPackage.TestClass1"/>
</testsuite> <!-- TestPackage.TestClass1 -->
