<?xml version="1.0" encoding="UTF-8"?>
<!-- Generated by org.testng.reporters.JUnitReportReporter -->
<testsuite skipped="0" hostname="EG5CG8352JD3" name="TestPackage.TestClass" tests="3" failures="0" timestamp="27 Jan 2019 21:24:47 GMT" time="11.763" errors="0">
  <testcase name="Assertdocumentandimagedisplayed" time="4.757" classname="TestPackage.TestClass"/>
  <testcase name="openGoogleSearch" time="4.157" classname="TestPackage.TestClass"/>
  <testcase name="assertfirstresult" time="2.849" classname="TestPackage.TestClass"/>
</testsuite> <!-- TestPackage.TestClass -->
